2021-07-26 12:04:27,164 [INFO] Activator:170 - 


2021-07-26 12:04:27,166 [INFO] Activator:171 - !SESSION log4j initialized
2021-07-26 12:05:11,832 [ERROR] LogOutputStream:74 - [STDERR_REDIRECT] Managed Build system manifest file error: Could not load icon "icons/chip.png".
2021-07-26 12:05:11,834 [ERROR] LogOutputStream:74 - [STDERR_REDIRECT] Managed Build system manifest file error: Could not load icon "icons/chip.png".
2021-07-26 12:05:11,856 [ERROR] LogOutputStream:74 - [STDERR_REDIRECT] Managed Build system manifest file error: Could not load icon "icons/chip.png".
2021-07-29 11:30:32,860 [INFO] Activator:170 - 


2021-07-29 11:30:32,862 [INFO] Activator:171 - !SESSION log4j initialized
2021-07-29 11:30:35,213 [ERROR] LogOutputStream:74 - [STDERR_REDIRECT] Managed Build system manifest file error: Could not load icon "icons/chip.png".
2021-07-29 11:30:35,216 [ERROR] LogOutputStream:74 - [STDERR_REDIRECT] Managed Build system manifest file error: Could not load icon "icons/chip.png".
2021-07-29 11:30:35,238 [ERROR] LogOutputStream:74 - [STDERR_REDIRECT] Managed Build system manifest file error: Could not load icon "icons/chip.png".
2021-07-29 12:10:05,036 [INFO] Activator:170 - 


2021-07-29 12:10:05,037 [INFO] Activator:171 - !SESSION log4j initialized
2021-07-29 12:10:06,934 [ERROR] LogOutputStream:74 - [STDERR_REDIRECT] Managed Build system manifest file error: Could not load icon "icons/chip.png".
2021-07-29 12:10:06,936 [ERROR] LogOutputStream:74 - [STDERR_REDIRECT] Managed Build system manifest file error: Could not load icon "icons/chip.png".
2021-07-29 12:10:06,939 [ERROR] LogOutputStream:74 - [STDERR_REDIRECT] Managed Build system manifest file error: Could not load icon "icons/chip.png".
2021-07-30 08:08:03,994 [INFO] Activator:170 - 


2021-07-30 08:08:04,019 [INFO] Activator:171 - !SESSION log4j initialized
2021-07-30 08:08:07,903 [ERROR] LogOutputStream:74 - [STDERR_REDIRECT] Managed Build system manifest file error: Could not load icon "icons/chip.png".
2021-07-30 08:08:07,908 [ERROR] LogOutputStream:74 - [STDERR_REDIRECT] Managed Build system manifest file error: Could not load icon "icons/chip.png".
2021-07-30 08:08:07,938 [ERROR] LogOutputStream:74 - [STDERR_REDIRECT] Managed Build system manifest file error: Could not load icon "icons/chip.png".
2021-07-30 08:38:21,687 [INFO] Activator:170 - 


2021-07-30 08:38:21,689 [INFO] Activator:171 - !SESSION log4j initialized
2021-07-30 08:38:22,284 [ERROR] LogOutputStream:74 - [STDERR_REDIRECT] Managed Build system manifest file error: Could not load icon "icons/chip.png".
2021-07-30 08:38:22,286 [ERROR] LogOutputStream:74 - [STDERR_REDIRECT] Managed Build system manifest file error: Could not load icon "icons/chip.png".
2021-07-30 08:38:22,295 [ERROR] LogOutputStream:74 - [STDERR_REDIRECT] Managed Build system manifest file error: Could not load icon "icons/chip.png".
2021-07-30 08:50:56,416 [INFO] Activator:170 - 


2021-07-30 08:50:56,416 [INFO] Activator:171 - !SESSION log4j initialized
2021-07-30 08:50:56,935 [ERROR] LogOutputStream:74 - [STDERR_REDIRECT] Managed Build system manifest file error: Could not load icon "icons/chip.png".
2021-07-30 08:50:56,937 [ERROR] LogOutputStream:74 - [STDERR_REDIRECT] Managed Build system manifest file error: Could not load icon "icons/chip.png".
2021-07-30 08:50:56,939 [ERROR] LogOutputStream:74 - [STDERR_REDIRECT] Managed Build system manifest file error: Could not load icon "icons/chip.png".
2021-08-10 09:29:24,106 [INFO] Activator:170 - 


2021-08-10 09:29:24,137 [INFO] Activator:171 - !SESSION log4j initialized
2021-08-10 09:29:25,367 [ERROR] LogOutputStream:74 - [STDERR_REDIRECT] Managed Build system manifest file error: Could not load icon "icons/chip.png".
2021-08-10 09:29:25,368 [ERROR] LogOutputStream:74 - [STDERR_REDIRECT] Managed Build system manifest file error: Could not load icon "icons/chip.png".
2021-08-10 09:29:25,390 [ERROR] LogOutputStream:74 - [STDERR_REDIRECT] Managed Build system manifest file error: Could not load icon "icons/chip.png".
2021-08-11 11:21:13,654 [INFO] Activator:170 - 


2021-08-11 11:21:13,656 [INFO] Activator:171 - !SESSION log4j initialized
2021-08-11 11:21:14,485 [ERROR] LogOutputStream:74 - [STDERR_REDIRECT] Managed Build system manifest file error: Could not load icon "icons/chip.png".
2021-08-11 11:21:14,487 [ERROR] LogOutputStream:74 - [STDERR_REDIRECT] Managed Build system manifest file error: Could not load icon "icons/chip.png".
2021-08-11 11:21:14,522 [ERROR] LogOutputStream:74 - [STDERR_REDIRECT] Managed Build system manifest file error: Could not load icon "icons/chip.png".
2021-08-16 09:19:05,902 [INFO] Activator:170 - 


2021-08-16 09:19:05,926 [INFO] Activator:171 - !SESSION log4j initialized
2021-08-16 09:19:08,034 [ERROR] LogOutputStream:74 - [STDERR_REDIRECT] Managed Build system manifest file error: Could not load icon "icons/chip.png".
2021-08-16 09:19:08,036 [ERROR] LogOutputStream:74 - [STDERR_REDIRECT] Managed Build system manifest file error: Could not load icon "icons/chip.png".
2021-08-16 09:19:08,058 [ERROR] LogOutputStream:74 - [STDERR_REDIRECT] Managed Build system manifest file error: Could not load icon "icons/chip.png".
2021-08-25 14:15:18,758 [INFO] Activator:170 - 


2021-08-25 14:15:18,760 [INFO] Activator:171 - !SESSION log4j initialized
2021-08-25 14:15:20,552 [ERROR] LogOutputStream:74 - [STDERR_REDIRECT] Managed Build system manifest file error: Could not load icon "icons/chip.png".
2021-08-25 14:15:20,554 [ERROR] LogOutputStream:74 - [STDERR_REDIRECT] Managed Build system manifest file error: Could not load icon "icons/chip.png".
2021-08-25 14:15:20,579 [ERROR] LogOutputStream:74 - [STDERR_REDIRECT] Managed Build system manifest file error: Could not load icon "icons/chip.png".
2021-08-26 08:59:12,380 [INFO] Activator:170 - 


2021-08-26 08:59:12,380 [INFO] Activator:171 - !SESSION log4j initialized
2021-08-26 08:59:12,904 [ERROR] LogOutputStream:74 - [STDERR_REDIRECT] Managed Build system manifest file error: Could not load icon "icons/chip.png".
2021-08-26 08:59:12,906 [ERROR] LogOutputStream:74 - [STDERR_REDIRECT] Managed Build system manifest file error: Could not load icon "icons/chip.png".
2021-08-26 08:59:12,909 [ERROR] LogOutputStream:74 - [STDERR_REDIRECT] Managed Build system manifest file error: Could not load icon "icons/chip.png".
2021-08-26 09:22:47,544 [INFO] Activator:177 - 


2021-08-26 09:22:47,546 [INFO] Activator:178 - !SESSION log4j initialized
2021-08-27 09:52:25,093 [INFO] Activator:177 - 


2021-08-27 09:52:25,094 [INFO] Activator:178 - !SESSION log4j initialized
2021-08-27 12:52:02,652 [INFO] McuFinderGlobals:39 - Set McuFinder mode to 2 (CubeIDE integrated)
2021-08-27 12:52:03,702 [INFO] ApplicationProperties:181 - Using Application install path: C:\ST\STM32CubeIDE_1.5.0\STM32CubeIDE\plugins\com.st.stm32cube.common.mx_6.3.0.202107141111
2021-08-27 12:52:03,769 [INFO] DbMcusXml:74 - Set database path to: C:\ST\STM32CubeIDE_1.5.0\STM32CubeIDE\plugins\com.st.stm32cube.common.mx_6.3.0.202107141111\\db\/mcu/
2021-08-27 12:52:03,772 [INFO] DbBoardsPdsc:56 - Set plugin database path to: C:\ST\STM32CubeIDE_1.5.0\STM32CubeIDE\plugins\com.st.stm32cube.common.mx_6.3.0.202107141111\\db\/plugins/boardmanager/
2021-08-27 12:52:03,772 [INFO] DbMcus:258 - Set plugin images path to: C:\ST\STM32CubeIDE_1.5.0\STM32CubeIDE\plugins\com.st.stm32cube.common.mx_6.3.0.202107141111\\db\/plugins/mcufinder/images/
2021-08-27 12:52:03,772 [INFO] DbBoards:264 - Set plugin images path to: C:\ST\STM32CubeIDE_1.5.0\STM32CubeIDE\plugins\com.st.stm32cube.common.mx_6.3.0.202107141111\\db\/plugins/mcufinder/images/
2021-08-27 12:52:03,775 [INFO] DbExamples:333 - Set plugin images path to: C:\ST\STM32CubeIDE_1.5.0\STM32CubeIDE\plugins\com.st.stm32cube.common.mx_6.3.0.202107141111\\db\/plugins/mcufinder/images/
2021-08-27 12:52:03,782 [INFO] DbMcusAds:119 - Set database path to: C:\Users\OBED\.stmcufinder\plugins\mcufinder//mcu/
2021-08-27 12:52:03,783 [INFO] DbMcusDocs:110 - Set database path to: C:\Users\OBED\.stmcufinder\plugins\mcufinder//mcu/
2021-08-27 12:52:03,784 [INFO] DbMcusJson:64 - Set database path to: C:\Users\OBED\.stmcufinder\plugins\mcufinder//mcu/
2021-08-27 12:52:03,892 [INFO] DbBoardsDocs:110 - Set database path to: C:\Users\OBED\.stmcufinder\plugins\mcufinder//mcu/
2021-08-27 12:52:03,893 [INFO] DbBoardsJson:57 - Set database path to: C:\Users\OBED\.stmcufinder\plugins\mcufinder//mcu/
2021-08-27 12:52:04,060 [INFO] CrossReferenceDbSqlite:196 - Set database path to: C:\Users\OBED\.stmcufinder\plugins\mcufinder//mcu/cs/
2021-08-27 12:52:04,076 [INFO] DbExamplesSqlite:767 - Set database path to: C:\Users\OBED\.stmcufinder\plugins\mcufinder//mcu/
2021-08-27 12:52:04,301 [INFO] RulesReader:57 - Compatibility file has been processed (242 Rules)
2021-08-27 12:52:04,577 [INFO] DbMcusXml:74 - Set database path to: C:\ST\STM32CubeIDE_1.5.0\STM32CubeIDE\plugins\com.st.stm32cube.common.mx_6.3.0.202107141111\\db\/mcu/
2021-08-27 12:52:04,578 [INFO] DbBoardsPdsc:56 - Set plugin database path to: C:\ST\STM32CubeIDE_1.5.0\STM32CubeIDE\plugins\com.st.stm32cube.common.mx_6.3.0.202107141111\\db\/plugins/boardmanager/
2021-08-27 12:52:04,578 [INFO] DbMcus:258 - Set plugin images path to: C:\ST\STM32CubeIDE_1.5.0\STM32CubeIDE\plugins\com.st.stm32cube.common.mx_6.3.0.202107141111\\db\/plugins/mcufinder/images/
2021-08-27 12:52:04,578 [INFO] DbBoards:264 - Set plugin images path to: C:\ST\STM32CubeIDE_1.5.0\STM32CubeIDE\plugins\com.st.stm32cube.common.mx_6.3.0.202107141111\\db\/plugins/mcufinder/images/
2021-08-27 12:52:04,578 [INFO] DbExamples:333 - Set plugin images path to: C:\ST\STM32CubeIDE_1.5.0\STM32CubeIDE\plugins\com.st.stm32cube.common.mx_6.3.0.202107141111\\db\/plugins/mcufinder/images/
2021-08-27 12:52:04,578 [WARN] DbFile:35 - Overriding database path with different value: C:\Users\OBED\.stmcufinder\plugins\mcufinder/ => C:\Users\OBED\.stmcufinder\plugins\mcufinder
2021-08-27 12:52:04,578 [INFO] DbMcusAds:119 - Set database path to: C:\Users\OBED\.stmcufinder\plugins\mcufinder//mcu/
2021-08-27 12:52:04,578 [WARN] DbFile:35 - Overriding database path with different value: C:\Users\OBED\.stmcufinder\plugins\mcufinder/ => C:\Users\OBED\.stmcufinder\plugins\mcufinder
2021-08-27 12:52:04,578 [INFO] DbMcusDocs:110 - Set database path to: C:\Users\OBED\.stmcufinder\plugins\mcufinder//mcu/
2021-08-27 12:52:04,579 [WARN] DbFile:35 - Overriding database path with different value: C:\Users\OBED\.stmcufinder\plugins\mcufinder/ => C:\Users\OBED\.stmcufinder\plugins\mcufinder
2021-08-27 12:52:04,579 [INFO] DbMcusJson:64 - Set database path to: C:\Users\OBED\.stmcufinder\plugins\mcufinder//mcu/
2021-08-27 12:52:04,579 [WARN] DbFile:35 - Overriding database path with different value: C:\Users\OBED\.stmcufinder\plugins\mcufinder/ => C:\Users\OBED\.stmcufinder\plugins\mcufinder
2021-08-27 12:52:04,579 [INFO] DbBoardsDocs:110 - Set database path to: C:\Users\OBED\.stmcufinder\plugins\mcufinder//mcu/
2021-08-27 12:52:04,579 [WARN] DbFile:35 - Overriding database path with different value: C:\Users\OBED\.stmcufinder\plugins\mcufinder/ => C:\Users\OBED\.stmcufinder\plugins\mcufinder
2021-08-27 12:52:04,579 [INFO] DbBoardsJson:57 - Set database path to: C:\Users\OBED\.stmcufinder\plugins\mcufinder//mcu/
2021-08-27 12:52:04,579 [WARN] DbFile:35 - Overriding database path with different value: C:\Users\OBED\.stmcufinder\plugins\mcufinder/ => C:\Users\OBED\.stmcufinder\plugins\mcufinder
2021-08-27 12:52:04,579 [WARN] DbFile:35 - Overriding database path with different value: C:\Users\OBED\.stmcufinder\plugins\mcufinder/ => C:\Users\OBED\.stmcufinder\plugins\mcufinder
2021-08-27 12:52:04,579 [INFO] CrossReferenceDbSqlite:196 - Set database path to: C:\Users\OBED\.stmcufinder\plugins\mcufinder//mcu/cs/
2021-08-27 12:52:04,579 [WARN] DbFile:35 - Overriding database path with different value: C:\Users\OBED\.stmcufinder\plugins\mcufinder/ => C:\Users\OBED\.stmcufinder\plugins\mcufinder
2021-08-27 12:52:04,579 [INFO] DbExamplesSqlite:767 - Set database path to: C:\Users\OBED\.stmcufinder\plugins\mcufinder//mcu/
2021-08-27 12:52:04,730 [INFO] MainPanel:214 - HeapMemory: 440401920
2021-08-27 12:52:04,983 [INFO] DbMcusXml:74 - Set database path to: C:\ST\STM32CubeIDE_1.5.0\STM32CubeIDE\plugins\com.st.stm32cube.common.mx_6.3.0.202107141111\\db\/mcu/
2021-08-27 12:52:04,983 [INFO] DbBoardsPdsc:56 - Set plugin database path to: C:\ST\STM32CubeIDE_1.5.0\STM32CubeIDE\plugins\com.st.stm32cube.common.mx_6.3.0.202107141111\\db\/plugins/boardmanager/
2021-08-27 12:52:04,983 [INFO] DbMcus:258 - Set plugin images path to: C:\ST\STM32CubeIDE_1.5.0\STM32CubeIDE\plugins\com.st.stm32cube.common.mx_6.3.0.202107141111\\db\/plugins/mcufinder/images/
2021-08-27 12:52:04,983 [INFO] DbBoards:264 - Set plugin images path to: C:\ST\STM32CubeIDE_1.5.0\STM32CubeIDE\plugins\com.st.stm32cube.common.mx_6.3.0.202107141111\\db\/plugins/mcufinder/images/
2021-08-27 12:52:04,983 [INFO] DbExamples:333 - Set plugin images path to: C:\ST\STM32CubeIDE_1.5.0\STM32CubeIDE\plugins\com.st.stm32cube.common.mx_6.3.0.202107141111\\db\/plugins/mcufinder/images/
2021-08-27 12:52:04,984 [WARN] DbFile:35 - Overriding database path with different value: C:\Users\OBED\.stmcufinder\plugins\mcufinder/ => C:\Users\OBED\.stmcufinder\plugins\mcufinder
2021-08-27 12:52:04,984 [INFO] DbMcusAds:119 - Set database path to: C:\Users\OBED\.stmcufinder\plugins\mcufinder//mcu/
2021-08-27 12:52:04,984 [WARN] DbFile:35 - Overriding database path with different value: C:\Users\OBED\.stmcufinder\plugins\mcufinder/ => C:\Users\OBED\.stmcufinder\plugins\mcufinder
2021-08-27 12:52:04,984 [INFO] DbMcusDocs:110 - Set database path to: C:\Users\OBED\.stmcufinder\plugins\mcufinder//mcu/
2021-08-27 12:52:04,984 [WARN] DbFile:35 - Overriding database path with different value: C:\Users\OBED\.stmcufinder\plugins\mcufinder/ => C:\Users\OBED\.stmcufinder\plugins\mcufinder
2021-08-27 12:52:04,984 [INFO] DbMcusJson:64 - Set database path to: C:\Users\OBED\.stmcufinder\plugins\mcufinder//mcu/
2021-08-27 12:52:04,984 [WARN] DbFile:35 - Overriding database path with different value: C:\Users\OBED\.stmcufinder\plugins\mcufinder/ => C:\Users\OBED\.stmcufinder\plugins\mcufinder
2021-08-27 12:52:04,984 [INFO] DbBoardsDocs:110 - Set database path to: C:\Users\OBED\.stmcufinder\plugins\mcufinder//mcu/
2021-08-27 12:52:04,984 [WARN] DbFile:35 - Overriding database path with different value: C:\Users\OBED\.stmcufinder\plugins\mcufinder/ => C:\Users\OBED\.stmcufinder\plugins\mcufinder
2021-08-27 12:52:04,985 [INFO] DbBoardsJson:57 - Set database path to: C:\Users\OBED\.stmcufinder\plugins\mcufinder//mcu/
2021-08-27 12:52:04,985 [WARN] DbFile:35 - Overriding database path with different value: C:\Users\OBED\.stmcufinder\plugins\mcufinder/ => C:\Users\OBED\.stmcufinder\plugins\mcufinder
2021-08-27 12:52:04,985 [WARN] DbFile:35 - Overriding database path with different value: C:\Users\OBED\.stmcufinder\plugins\mcufinder/ => C:\Users\OBED\.stmcufinder\plugins\mcufinder
2021-08-27 12:52:04,985 [INFO] CrossReferenceDbSqlite:196 - Set database path to: C:\Users\OBED\.stmcufinder\plugins\mcufinder//mcu/cs/
2021-08-27 12:52:04,985 [WARN] DbFile:35 - Overriding database path with different value: C:\Users\OBED\.stmcufinder\plugins\mcufinder/ => C:\Users\OBED\.stmcufinder\plugins\mcufinder
2021-08-27 12:52:04,985 [INFO] DbExamplesSqlite:767 - Set database path to: C:\Users\OBED\.stmcufinder\plugins\mcufinder//mcu/
2021-08-27 12:52:05,008 [INFO] ApplicationProperties:181 - Using Application install path: C:\ST\STM32CubeIDE_1.5.0\STM32CubeIDE\plugins\com.st.stm32cube.common.mx_6.3.0.202107141111
2021-08-27 12:52:05,009 [INFO] PluginManage:188 - Search for loadable plugins [exclusion list=, ]
2021-08-27 12:52:05,010 [INFO] PluginManage:302 - Check plugin analytics
2021-08-27 12:52:05,366 [INFO] AnalyticsPlugin:257 - Accepted Software Licenses: STM32CubeMX.6.2.1,STM32CubeMX.6.3.0
2021-08-27 12:52:05,366 [INFO] AnalyticsPlugin:259 - Accepted CMSIS Pack Licenses: 
2021-08-27 12:52:05,367 [INFO] AnalyticsPlugin:261 - Accepted Firmware Licenses: 
2021-08-27 12:52:05,367 [INFO] PluginManage:352 - Loaded plugin analytics (category:tool,tabindex:-1)
2021-08-27 12:52:05,367 [INFO] PluginManage:302 - Check plugin clock
2021-08-27 12:52:05,511 [INFO] PluginManage:352 - Loaded plugin clock (category:base,tabindex:2)
2021-08-27 12:52:05,511 [INFO] PluginManage:302 - Check plugin ddr
2021-08-27 12:52:05,534 [INFO] PluginManage:352 - Loaded plugin ddr (category:tool,tabindex:6)
2021-08-27 12:52:05,534 [INFO] PluginManage:302 - Check plugin filemanager
2021-08-27 12:52:05,754 [INFO] PluginManage:352 - Loaded plugin filemanager (category:base,tabindex:10)
2021-08-27 12:52:05,754 [INFO] PluginManage:302 - Check plugin ipmanager
2021-08-27 12:52:05,822 [INFO] PluginManage:352 - Loaded plugin ipmanager (category:base,tabindex:5)
2021-08-27 12:52:05,823 [INFO] PluginManage:302 - Check plugin pinoutandconfiguration
2021-08-27 12:52:05,879 [INFO] PluginManage:352 - Loaded plugin pinoutandconfiguration (category:base,tabindex:1)
2021-08-27 12:52:05,879 [INFO] PluginManage:302 - Check plugin pinoutconfig
2021-08-27 12:52:05,966 [INFO] PluginManage:352 - Loaded plugin pinoutconfig (category:base,tabindex:0)
2021-08-27 12:52:05,966 [INFO] PluginManage:302 - Check plugin power
2021-08-27 12:52:06,074 [INFO] PluginManage:352 - Loaded plugin power (category:power,tabindex:4)
2021-08-27 12:52:06,074 [INFO] PluginManage:302 - Check plugin projectmanager
2021-08-27 12:52:06,096 [INFO] PluginManage:352 - Loaded plugin projectmanager (category:projectmanager,tabindex:3)
2021-08-27 12:52:06,096 [INFO] PluginManage:302 - Check plugin thirdparty
2021-08-27 12:52:06,496 [WARN] IntegrityCheckThread:78 - waiting for thirdparty lock release [integrity check]
2021-08-27 12:52:06,497 [INFO] IntegrityCheckThread:80 - entering critical section [integrity check]
2021-08-27 12:52:06,497 [INFO] PluginManage:352 - Loaded plugin thirdparty (category:base,tabindex:-1)
2021-08-27 12:52:06,497 [INFO] PluginManage:302 - Check plugin tools
2021-08-27 12:52:06,497 [INFO] ThirdPartyUpdaterWithRetryManager:66 - Updater plugin not ready yet. [1/15]
2021-08-27 12:52:06,569 [INFO] PluginManage:352 - Loaded plugin tools (category:base,tabindex:7)
2021-08-27 12:52:06,569 [INFO] PluginManage:302 - Check plugin tutovideos
2021-08-27 12:52:06,895 [INFO] PluginManage:352 - Loaded plugin tutovideos (category:base,tabindex:-1)
2021-08-27 12:52:06,895 [INFO] PluginManage:302 - Check plugin updater
2021-08-27 12:52:06,936 [INFO] PluginManage:352 - Loaded plugin updater (category:base,tabindex:12)
2021-08-27 12:52:06,937 [INFO] PluginManage:275 - PluginManage : Loaded plugins [13]
2021-08-27 12:52:07,413 [INFO] PinOutPanel:1463 - setPackage(No Configuration,No Configuration)
2021-08-27 12:52:07,632 [INFO] IPUIPlugin:74 - create IPUIPlugin
2021-08-27 12:52:07,632 [INFO] PluginManager:213 - loadIPPluginJar : add adc
2021-08-27 12:52:07,690 [INFO] IPUIPlugin:74 - create IPUIPlugin
2021-08-27 12:52:07,690 [INFO] PluginManager:213 - loadIPPluginJar : add aes
2021-08-27 12:52:07,758 [INFO] IPUIPlugin:74 - create IPUIPlugin
2021-08-27 12:52:07,758 [INFO] PluginManager:213 - loadIPPluginJar : add can
2021-08-27 12:52:07,821 [INFO] IPUIPlugin:74 - create IPUIPlugin
2021-08-27 12:52:07,821 [INFO] PluginManager:213 - loadIPPluginJar : add comp
2021-08-27 12:52:07,868 [INFO] IPUIPlugin:74 - create IPUIPlugin
2021-08-27 12:52:07,868 [INFO] PluginManager:213 - loadIPPluginJar : add cryp
2021-08-27 12:52:07,925 [INFO] IPUIPlugin:74 - create IPUIPlugin
2021-08-27 12:52:07,925 [INFO] PluginManager:213 - loadIPPluginJar : add dfsdm
2021-08-27 12:52:07,967 [INFO] IPUIPlugin:74 - create IPUIPlugin
2021-08-27 12:52:07,967 [INFO] PluginManager:213 - loadIPPluginJar : add dma
2021-08-27 12:52:08,013 [INFO] IPUIPlugin:74 - create IPUIPlugin
2021-08-27 12:52:08,013 [INFO] PluginManager:213 - loadIPPluginJar : add dma3
2021-08-27 12:52:08,062 [INFO] IPUIPlugin:74 - create IPUIPlugin
2021-08-27 12:52:08,063 [INFO] PluginManager:213 - loadIPPluginJar : add fatfs
2021-08-27 12:52:08,137 [INFO] IPUIPlugin:74 - create IPUIPlugin
2021-08-27 12:52:08,137 [INFO] PluginManager:213 - loadIPPluginJar : add fmc
2021-08-27 12:52:08,236 [INFO] IPUIPlugin:74 - create IPUIPlugin
2021-08-27 12:52:08,237 [INFO] PluginManager:213 - loadIPPluginJar : add freertos
2021-08-27 12:52:08,288 [INFO] IPUIPlugin:74 - create IPUIPlugin
2021-08-27 12:52:08,289 [INFO] PluginManager:213 - loadIPPluginJar : add genericplugin
2021-08-27 12:52:08,388 [INFO] IPUIPlugin:74 - create IPUIPlugin
2021-08-27 12:52:08,389 [INFO] PluginManager:213 - loadIPPluginJar : add gfxmmu
2021-08-27 12:52:08,513 [INFO] IPUIPlugin:74 - create IPUIPlugin
2021-08-27 12:52:08,514 [INFO] PluginManager:213 - loadIPPluginJar : add gic
2021-08-27 12:52:08,562 [INFO] IPUIPlugin:74 - create IPUIPlugin
2021-08-27 12:52:08,562 [INFO] PluginManager:213 - loadIPPluginJar : add gpio
2021-08-27 12:52:08,652 [INFO] IPUIPlugin:74 - create IPUIPlugin
2021-08-27 12:52:08,652 [INFO] PluginManager:213 - loadIPPluginJar : add gtzc
2021-08-27 12:52:08,692 [INFO] IPUIPlugin:74 - create IPUIPlugin
2021-08-27 12:52:08,693 [INFO] PluginManager:213 - loadIPPluginJar : add hash
2021-08-27 12:52:08,752 [INFO] IPUIPlugin:74 - create IPUIPlugin
2021-08-27 12:52:08,752 [INFO] PluginManager:213 - loadIPPluginJar : add i2c
2021-08-27 12:52:08,788 [INFO] IPUIPlugin:74 - create IPUIPlugin
2021-08-27 12:52:08,788 [INFO] PluginManager:213 - loadIPPluginJar : add i2s
2021-08-27 12:52:08,839 [INFO] IPUIPlugin:74 - create IPUIPlugin
2021-08-27 12:52:08,839 [INFO] PluginManager:213 - loadIPPluginJar : add ipddr
2021-08-27 12:52:08,910 [INFO] IPUIPlugin:74 - create IPUIPlugin
2021-08-27 12:52:08,910 [INFO] PluginManager:213 - loadIPPluginJar : add linkedlist
2021-08-27 12:52:08,962 [INFO] IPUIPlugin:74 - create IPUIPlugin
2021-08-27 12:52:08,963 [INFO] PluginManager:213 - loadIPPluginJar : add lorawan
2021-08-27 12:52:09,035 [INFO] IPUIPlugin:74 - create IPUIPlugin
2021-08-27 12:52:09,036 [INFO] PluginManager:213 - loadIPPluginJar : add ltdc
2021-08-27 12:52:09,081 [INFO] IPUIPlugin:74 - create IPUIPlugin
2021-08-27 12:52:09,082 [INFO] PluginManager:213 - loadIPPluginJar : add mdma
2021-08-27 12:52:09,115 [INFO] IPUIPlugin:74 - create IPUIPlugin
2021-08-27 12:52:09,115 [INFO] PluginManager:213 - loadIPPluginJar : add nvic
2021-08-27 12:52:09,157 [INFO] IPUIPlugin:74 - create IPUIPlugin
2021-08-27 12:52:09,158 [INFO] PluginManager:213 - loadIPPluginJar : add opamp
2021-08-27 12:52:09,221 [INFO] IPUIPlugin:74 - create IPUIPlugin
2021-08-27 12:52:09,221 [INFO] PluginManager:213 - loadIPPluginJar : add openamp
2021-08-27 12:52:09,264 [INFO] IPUIPlugin:74 - create IPUIPlugin
2021-08-27 12:52:09,264 [INFO] PluginManager:213 - loadIPPluginJar : add pdm2pcm
2021-08-27 12:52:09,283 [INFO] IPUIPlugin:74 - create IPUIPlugin
2021-08-27 12:52:09,285 [INFO] PluginManager:213 - loadIPPluginJar : add plateformsettings
2021-08-27 12:52:09,318 [INFO] IPUIPlugin:74 - create IPUIPlugin
2021-08-27 12:52:09,318 [INFO] PluginManager:213 - loadIPPluginJar : add quadspi
2021-08-27 12:52:09,358 [INFO] IPUIPlugin:74 - create IPUIPlugin
2021-08-27 12:52:09,358 [INFO] PluginManager:213 - loadIPPluginJar : add resmgrutility
2021-08-27 12:52:09,417 [INFO] IPUIPlugin:74 - create IPUIPlugin
2021-08-27 12:52:09,417 [INFO] PluginManager:213 - loadIPPluginJar : add sai
2021-08-27 12:52:09,458 [INFO] IPUIPlugin:74 - create IPUIPlugin
2021-08-27 12:52:09,458 [INFO] PluginManager:213 - loadIPPluginJar : add spi
2021-08-27 12:52:09,511 [INFO] ThirdPartyUpdaterWithRetryManager:66 - Updater plugin not ready yet. [2/15]
2021-08-27 12:52:09,524 [INFO] IPUIPlugin:74 - create IPUIPlugin
2021-08-27 12:52:09,524 [INFO] PluginManager:213 - loadIPPluginJar : add stm32_wpan
2021-08-27 12:52:09,560 [INFO] IPUIPlugin:74 - create IPUIPlugin
2021-08-27 12:52:09,560 [INFO] PluginManager:213 - loadIPPluginJar : add tim
2021-08-27 12:52:09,626 [INFO] IPUIPlugin:74 - create IPUIPlugin
2021-08-27 12:52:09,626 [INFO] PluginManager:213 - loadIPPluginJar : add touchsensing
2021-08-27 12:52:09,669 [INFO] IPUIPlugin:74 - create IPUIPlugin
2021-08-27 12:52:09,670 [INFO] PluginManager:213 - loadIPPluginJar : add tracer_emb
2021-08-27 12:52:09,703 [INFO] IPUIPlugin:74 - create IPUIPlugin
2021-08-27 12:52:09,703 [INFO] PluginManager:213 - loadIPPluginJar : add ts
2021-08-27 12:52:09,746 [INFO] IPUIPlugin:74 - create IPUIPlugin
2021-08-27 12:52:09,746 [INFO] PluginManager:213 - loadIPPluginJar : add tsc
2021-08-27 12:52:09,790 [INFO] IPUIPlugin:74 - create IPUIPlugin
2021-08-27 12:52:09,790 [INFO] PluginManager:213 - loadIPPluginJar : add ucpd
2021-08-27 12:52:09,872 [INFO] IPUIPlugin:74 - create IPUIPlugin
2021-08-27 12:52:09,872 [INFO] PluginManager:213 - loadIPPluginJar : add usart
2021-08-27 12:52:09,899 [INFO] IPUIPlugin:74 - create IPUIPlugin
2021-08-27 12:52:09,899 [INFO] PluginManager:213 - loadIPPluginJar : add usbx
2021-08-27 12:52:10,474 [FATAL] Updater:294 - Updater called before beeing initialized
2021-08-27 12:52:10,597 [FATAL] Updater:294 - Updater called before beeing initialized
2021-08-27 12:52:10,617 [INFO] DbMcusAds:47 - JSON generation date=Wed Aug 18 17:13:16 EAT 2021 (1629295996946)
2021-08-27 12:52:10,617 [FATAL] Updater:294 - Updater called before beeing initialized
2021-08-27 12:52:10,814 [WARN] DetailPanel:314 - Failed to get advertising image, set to default
2021-08-27 12:52:10,947 [FATAL] Updater:294 - Updater called before beeing initialized
2021-08-27 12:52:10,949 [FATAL] Updater:294 - Updater called before beeing initialized
2021-08-27 12:52:10,949 [FATAL] Updater:294 - Updater called before beeing initialized
2021-08-27 12:52:10,949 [WARN] DetailPanel:314 - Failed to get advertising image, set to default
2021-08-27 12:52:10,950 [FATAL] Updater:294 - Updater called before beeing initialized
2021-08-27 12:52:11,028 [ERROR] Updater:1075 - MainUpdater not yet initialized. External WinMGr cannot be set.
2021-08-27 12:52:11,090 [INFO] Updater:1012 - Updater Version found : 6.3.0
2021-08-27 12:52:11,181 [INFO] ApplicationProperties:181 - Using Application install path: C:\ST\STM32CubeIDE_1.5.0\STM32CubeIDE\plugins\com.st.stm32cube.common.mx_6.3.0.202107141111
2021-08-27 12:52:11,733 [INFO] MainUpdater:2671 - connection check result : 10
2021-08-27 12:52:11,735 [INFO] MainUpdater:265 - Updater Check For Update Now.
2021-08-27 12:52:11,735 [INFO] MicroXplorer:478 - Change Database Version : DB.6.0.30
2021-08-27 12:52:11,929 [INFO] CheckServerUpdateThread:112 - End of CheckServer Thread
2021-08-27 12:52:12,020 [INFO] MainUpdater:2671 - connection check result : 10
2021-08-27 12:52:12,809 [WARN] PackLoader:238 - Cannot read IP mode file for RoweBots.I-CUBE-UNISONRTOS.5.5.0-4
2021-08-27 12:52:12,812 [INFO] McuFinderGlobals:52 - Set McuFinderConnectedMode to false
2021-08-27 12:52:12,875 [WARN] PackLoader:238 - Cannot read IP mode file for STMicroelectronics.X-CUBE-SFXS2LP1.3.0.0
2021-08-27 12:52:12,931 [WARN] ConditionMgr:437 - getConditionDescription Invalid condition id : SIGFOX STM32 LIB Condition cause : null
2021-08-27 12:52:12,934 [WARN] ConditionMgr:437 - getConditionDescription Invalid condition id : Sigfox Third Party LIB Condition cause : null
2021-08-27 12:52:12,936 [WARN] PackLoader:238 - Cannot read IP mode file for STMicroelectronics.X-CUBE-SFXS2LP1.2.0.0
2021-08-27 12:52:12,936 [WARN] ConditionMgr:1038 - genDependencies : Invalid condition id : SIGFOX STM32 LIB Condition cause : null
2021-08-27 12:52:12,936 [WARN] ConditionMgr:1038 - genDependencies : Invalid condition id : Sigfox Third Party LIB Condition cause : null
2021-08-27 12:52:12,936 [WARN] ConditionMgr:1038 - genDependencies : Invalid condition id : Sigfox Third Party LIB Condition cause : null
2021-08-27 12:52:12,936 [WARN] ConditionMgr:1038 - genDependencies : Invalid condition id : SIGFOX STM32 LIB Condition cause : null
2021-08-27 12:52:12,936 [WARN] ConditionMgr:1038 - genDependencies : Invalid condition id : SIGFOX STM32 LIB Condition cause : null
2021-08-27 12:52:12,936 [WARN] ConditionMgr:1038 - genDependencies : Invalid condition id : Sigfox Third Party LIB Condition cause : null
2021-08-27 12:52:13,000 [WARN] PackLoader:238 - Cannot read IP mode file for STMicroelectronics.X-CUBE-SUBG2.4.1.0
2021-08-27 12:52:13,002 [INFO] CrossSelectorPresenter:1330 - Cross Selector saved comparison directory: C:\Users\OBED\.stmcufinder\plugins\mcufinder\mcu\cs_comparisons_mx
2021-08-27 12:52:13,007 [INFO] MultiScanPanel:197 - Auto-refresh data requested => check proxy status ongoing
2021-08-27 12:52:13,007 [INFO] MultiScanPanel:201 - Proxy status is invalid
2021-08-27 12:52:13,051 [INFO] FinderPluginLoader:87 - Searching for filters in installed packs
2021-08-27 12:52:13,052 [INFO] DbMcusXml:100 - Load MCU database from C:\ST\STM32CubeIDE_1.5.0\STM32CubeIDE\plugins\com.st.stm32cube.common.mx_6.3.0.202107141111\\db\/mcu/families.xml
2021-08-27 12:52:13,087 [WARN] PackLoader:238 - Cannot read IP mode file for STMicroelectronics.X-CUBE-MEMS1.9.0.0
2021-08-27 12:52:13,307 [WARN] PackLoader:238 - Cannot read IP mode file for STMicroelectronics.X-CUBE-AZRTOS-H7.1.1.0
2021-08-27 12:52:13,387 [WARN] PackLoader:238 - Cannot read IP mode file for STMicroelectronics.X-CUBE-MEMS1.8.2.0
2021-08-27 12:52:13,532 [WARN] PackLoader:238 - Cannot read IP mode file for STMicroelectronics.X-CUBE-EEPRMA1.3.0.0
2021-08-27 12:52:13,554 [WARN] PackLoader:238 - Cannot read IP mode file for STMicroelectronics.X-CUBE-ALGOBUILD.1.1.0
2021-08-27 12:52:13,616 [WARN] PackLoader:238 - Cannot read IP mode file for SEGGER.I-CUBE-embOS.1.2.0
2021-08-27 12:52:13,701 [WARN] PackLoader:238 - Cannot read IP mode file for STMicroelectronics.X-CUBE-GNSS1.5.1.0
2021-08-27 12:52:13,770 [WARN] PackLoader:238 - Cannot read IP mode file for STMicroelectronics.X-CUBE-BLE1.6.2.0
2021-08-27 12:52:13,792 [WARN] PackLoader:238 - Cannot read IP mode file for STMicroelectronics.X-CUBE-BLE1.6.2.1
2021-08-27 12:52:13,816 [WARN] PackLoader:238 - Cannot read IP mode file for STMicroelectronics.X-CUBE-BLE2.3.2.1
2021-08-27 12:52:13,887 [WARN] PackLoader:238 - Cannot read IP mode file for STMicroelectronics.X-CUBE-NFC4.2.0.3
2021-08-27 12:52:13,964 [WARN] PackLoader:238 - Cannot read IP mode file for STMicroelectronics.X-CUBE-NFC4.2.0.2
2021-08-27 12:52:14,078 [WARN] PackLoader:238 - Cannot read IP mode file for STMicroelectronics.X-CUBE-TOUCHGFX.4.17.0
2021-08-27 12:52:14,114 [WARN] PackLoader:238 - Cannot read IP mode file for STMicroelectronics.X-CUBE-NFC4.2.0.1
2021-08-27 12:52:14,130 [WARN] PackLoader:238 - Cannot read IP mode file for STMicroelectronics.X-CUBE-BLE2.3.2.0
2021-08-27 12:52:14,155 [WARN] PackLoader:238 - Cannot read IP mode file for STMicroelectronics.X-CUBE-SFXS2LP1.3.1.0
2021-08-27 12:52:14,193 [WARN] PackLoader:238 - Cannot read IP mode file for STMicroelectronics.X-CUBE-SUBG2.3.0.1
2021-08-27 12:52:14,300 [WARN] PackLoader:238 - Cannot read IP mode file for STMicroelectronics.X-CUBE-TOF1.2.0.0
2021-08-27 12:52:14,328 [WARN] PackLoader:238 - Cannot read IP mode file for STMicroelectronics.X-CUBE-SUBG2.4.2.0
2021-08-27 12:52:14,364 [WARN] PackLoader:238 - Cannot read IP mode file for STMicroelectronics.X-CUBE-TOF1.1.0.0
2021-08-27 12:52:14,415 [WARN] PackLoader:238 - Cannot read IP mode file for STMicroelectronics.X-CUBE-AZRTOS-H7.1.0.0
2021-08-27 12:52:14,424 [WARN] PackLoader:238 - Cannot read IP mode file for STMicroelectronics.X-CUBE-ALS.1.0.1
2021-08-27 12:52:14,469 [WARN] PackLoader:238 - Cannot read IP mode file for STMicroelectronics.X-CUBE-AI.7.0.0
2021-08-27 12:52:14,814 [WARN] PackLoader:238 - Cannot read IP mode file for STMicroelectronics.X-CUBE-ALGOBUILD.1.2.1
2021-08-27 12:52:14,904 [WARN] PackLoader:238 - Cannot read IP mode file for STMicroelectronics.X-CUBE-MEMS1.8.3.0
2021-08-27 12:52:15,115 [WARN] PackLoader:238 - Cannot read IP mode file for STMicroelectronics.X-CUBE-DISPLAY.1.0.0
2021-08-27 12:52:15,139 [WARN] PackLoader:238 - Cannot read IP mode file for STMicroelectronics.X-CUBE-AI.6.0.0
2021-08-27 12:52:15,232 [WARN] PackLoader:238 - Cannot read IP mode file for STMicroelectronics.X-CUBE-EEPRMA1.3.1.0
2021-08-27 12:52:15,268 [WARN] PackLoader:238 - Cannot read IP mode file for STMicroelectronics.X-CUBE-ALGOBUILD.1.2.0
2021-08-27 12:52:15,295 [WARN] PackLoader:238 - Cannot read IP mode file for STMicroelectronics.X-CUBE-GNSS1.5.2.0
2021-08-27 12:52:15,320 [WARN] PackLoader:238 - Cannot read IP mode file for STMicroelectronics.X-CUBE-BLE1.6.1.0
2021-08-27 12:52:15,338 [WARN] PackLoader:238 - Cannot read IP mode file for wolfSSL.I-CUBE-wolfSSL.4.7.0
2021-08-27 12:52:15,350 [WARN] PackLoader:238 - Cannot read IP mode file for STMicroelectronics.X-CUBE-TOUCHGFX.4.16.1
2021-08-27 12:52:15,373 [WARN] PackLoader:238 - Cannot read IP mode file for STMicroelectronics.X-CUBE-AI.5.2.0
2021-08-27 12:52:15,430 [WARN] PackLoader:238 - Cannot read IP mode file for STMicroelectronics.X-CUBE-TOUCHGFX.4.16.0
2021-08-27 12:52:15,450 [WARN] PackLoader:238 - Cannot read IP mode file for STMicroelectronics.X-CUBE-BLE2.3.1.0
2021-08-27 12:52:15,450 [INFO] ThirdParty:915 - Integrity check success = true
2021-08-27 12:52:15,451 [INFO] IntegrityCheckThread:94 - exiting critical section [integrity check]
2021-08-27 12:52:15,451 [INFO] IntegrityCheckThread:97 - End integrity checks thread
2021-08-27 12:52:15,462 [INFO] DbMcusJson:93 - JSON generation date=Mon Jun 07 11:53:21 EAT 2021 (1623056001)
2021-08-27 12:52:15,954 [INFO] DbMcus:175 - Found 1951 MCUs (1903 are supported by CubeMX, 1903 are visible in CubeMX)
2021-08-27 12:52:15,958 [INFO] ApiDb:251 - Load user favorites file C:\Users\OBED/.stm32cubeide/favorites.mcus.txt: 0 item(s)
2021-08-27 12:52:15,958 [INFO] ApiDb:255 - User favorites MCUs=[]
2021-08-27 12:52:15,958 [INFO] DbMcus:187 - Set 0 / 0 favorites MCUs
2021-08-27 12:52:16,589 [INFO] DetailPanel:309 - Set advertising image to C:/Users/OBED/STM32Cube/Repository/\en.prom_STM32U5_PSA-SESIP_LV3_0821.png
2021-08-27 12:52:17,086 [INFO] DbBoardsPdsc:90 - Found 25 items
2021-08-27 12:52:17,102 [INFO] DbBoardsPdsc:90 - Found 9 items
2021-08-27 12:52:17,121 [INFO] DbBoardsPdsc:90 - Found 33 items
2021-08-27 12:52:17,140 [INFO] DbBoardsPdsc:90 - Found 1 items
2021-08-27 12:52:17,196 [INFO] DbBoardsPdsc:90 - Found 48 items
2021-08-27 12:52:17,230 [INFO] DbBoardsPdsc:90 - Found 43 items
2021-08-27 12:52:17,236 [INFO] DbBoardsPdsc:90 - Found 2 items
2021-08-27 12:52:17,267 [INFO] DbBoardsPdsc:90 - Found 5 items
2021-08-27 12:52:17,269 [WARN] DbBoardsPdsc:254 - Board STM32H7B3I-DK: unknown feature type=Audio, name=, username=Audio stereo codec with Headphone Amp (CS42L51-CNZ), n=1
2021-08-27 12:52:17,270 [WARN] DbBoardsPdsc:254 - Board STM32H735G-DK: unknown feature type=Audio, name=, username=Audio stereo codec with Headphone Amp (WM8994ECS/R), n=1
2021-08-27 12:52:17,271 [WARN] DbBoardsPdsc:254 - Board STM32H7B3I-EVAL: unknown feature type=Audio, name=, username=Multi-Channel Audio Codec (CS42L51-CNZ), n=1
2021-08-27 12:52:17,271 [WARN] DbBoardsPdsc:254 - Board STM32H7B3I-EVAL: unknown feature type=Meter, name=, username=Power-metering and Temperature-monitoring with sigma-delta modulators, n=1
2021-08-27 12:52:17,271 [WARN] DbBoardsPdsc:254 - Board STM32H7B3I-EVAL: unknown feature type=Motor, name=, username=Motor Control, n=1
2021-08-27 12:52:17,271 [WARN] DbBoardsPdsc:254 - Board STM32U575I-EV: unknown feature type=joystick, name=, username=4-direction joystick with selection button, n=1
2021-08-27 12:52:17,347 [INFO] DbBoardsJson:86 - JSON generation date=Tue Jun 01 08:52:40 EAT 2021 (1622526760)
2021-08-27 12:52:17,351 [INFO] DbBoards:117 - Found 166 boards (163 are supported by CubeMX)
2021-08-27 12:52:17,446 [INFO] DbBoardsDocs:143 - JSON generation date=Tue Jun 01 08:52:40 EAT 2021 (1622526760)
2021-08-27 12:52:17,463 [INFO] DbBoardsDocs:79 - Found 193 boards documents
2021-08-27 12:52:17,463 [WARN] DbBoards:127 - board B-L462E-CELL1 has no document id list !
2021-08-27 12:52:17,463 [WARN] DbBoards:127 - board B-L475E-IOT01A2 has no document id list !
2021-08-27 12:52:17,463 [WARN] DbBoards:127 - board B-U585I-IOT02A has no document id list !
2021-08-27 12:52:17,464 [WARN] DbBoards:127 - board NUCLEO-G0B1RE has no document id list !
2021-08-27 12:52:17,464 [WARN] DbBoards:127 - board NUCLEO-H743ZI has no document id list !
2021-08-27 12:52:17,464 [WARN] DbBoards:127 - board NUCLEO-L4A6ZG has no document id list !
2021-08-27 12:52:17,464 [WARN] DbBoards:127 - board NUCLEO-U575ZI-Q has no document id list !
2021-08-27 12:52:17,464 [WARN] DbBoards:127 - board NUCLEO-WB15CC has no document id list !
2021-08-27 12:52:17,464 [WARN] DbBoards:127 - board NUCLEO-WB55RG has no document id list !
2021-08-27 12:52:17,464 [WARN] DbBoards:127 - board NUCLEO-WL55JC2 has no document id list !
2021-08-27 12:52:17,465 [WARN] DbBoards:127 - board P-NUCLEO-WB55-Nucleo has no document id list !
2021-08-27 12:52:17,465 [WARN] DbBoards:127 - board P-NUCLEO-WB55-USBDongle has no document id list !
2021-08-27 12:52:17,465 [WARN] DbBoards:127 - board STEVAL-BFA001V1B has no document id list !
2021-08-27 12:52:17,465 [WARN] DbBoards:127 - board STEVAL-BFA001V2B has no document id list !
2021-08-27 12:52:17,465 [WARN] DbBoards:127 - board STEVAL-IDP005V1 has no document id list !
2021-08-27 12:52:17,465 [WARN] DbBoards:127 - board STEVAL-IDP005V2 has no document id list !
2021-08-27 12:52:17,465 [WARN] DbBoards:127 - board STEVAL-MKSBOX1V1 has no document id list !
2021-08-27 12:52:17,465 [WARN] DbBoards:127 - board STEVAL-STWINKT1 has no document id list !
2021-08-27 12:52:17,465 [WARN] DbBoards:127 - board STEVAL-STWINKT1B has no document id list !
2021-08-27 12:52:17,465 [WARN] DbBoards:127 - board STM32F401C-DISCO has no document id list !
2021-08-27 12:52:17,465 [WARN] DbBoards:127 - board STM32F769I-DISC1 has no document id list !
2021-08-27 12:52:17,466 [WARN] DbBoards:127 - board STM32G0C1E-EV has no document id list !
2021-08-27 12:52:17,466 [WARN] DbBoards:127 - board STM32G474E-EVAL1 has no document id list !
2021-08-27 12:52:17,466 [WARN] DbBoards:127 - board STM32H743I-EVAL2 has no document id list !
2021-08-27 12:52:17,466 [WARN] DbBoards:127 - board STM32H747I-DISC1 has no document id list !
2021-08-27 12:52:17,466 [WARN] DbBoards:127 - board STM32H753I-EVAL2 has no document id list !
2021-08-27 12:52:17,466 [WARN] DbBoards:127 - board STM32L-DISCOVERY has no document id list !
2021-08-27 12:52:17,466 [WARN] DbBoards:127 - board STM32MP157A-DK1 has no document id list !
2021-08-27 12:52:17,467 [WARN] DbBoards:127 - board STM32MP157D-DK1 has no document id list !
2021-08-27 12:52:17,467 [WARN] DbBoards:127 - board STM32MP157D-EV1 has no document id list !
2021-08-27 12:52:17,467 [WARN] DbBoards:127 - board STM32MP157F-DK2 has no document id list !
2021-08-27 12:52:17,467 [WARN] DbBoards:127 - board STM32MP157F-EV1 has no document id list !
2021-08-27 12:52:17,467 [WARN] DbBoards:127 - board STM32U575I-EV has no document id list !
2021-08-27 12:52:17,467 [WARN] DbBoards:127 - board STM32WB5MM-DK has no document id list !
2021-08-27 12:52:20,206 [INFO] ApiDb:251 - Load user favorites file C:\Users\OBED/.stm32cubeide/favorites.boards.txt: 0 item(s)
2021-08-27 12:52:20,207 [INFO] ApiDb:255 - User favorites Boards=[]
2021-08-27 12:52:20,207 [INFO] DbBoards:206 - Set 0 / 0 favorites Boards
2021-08-27 12:52:49,587 [INFO] MainUpdater:2671 - connection check result : 10
2021-08-27 12:52:49,672 [INFO] McuFinderGlobals:52 - Set McuFinderConnectedMode to false
2021-08-27 12:52:49,681 [INFO] CrossSelectorPresenter:1330 - Cross Selector saved comparison directory: C:\Users\OBED\.stmcufinder\plugins\mcufinder\mcu\cs_comparisons_mx
2021-08-27 12:52:49,682 [INFO] MultiScanPanel:197 - Auto-refresh data requested => check proxy status ongoing
2021-08-27 12:52:49,682 [INFO] MultiScanPanel:201 - Proxy status is invalid
2021-08-27 12:52:49,683 [INFO] FinderPluginLoader:87 - Searching for filters in installed packs
2021-08-27 12:52:49,906 [INFO] DetailPanel:309 - Set advertising image to C:/Users/OBED/STM32Cube/Repository/\en.prom_STM32U5_PSA-SESIP_LV3_0821.png
2021-08-27 12:52:53,328 [INFO] McuFinderGlobals:52 - Set McuFinderConnectedMode to true
2021-08-27 12:52:55,689 [INFO] ApiDb:276 - Save user favorites file C:\Users\OBED/.stm32cubeide/favorites.mcus.txt: 0 item(s)
2021-08-27 12:52:55,689 [INFO] ApiDb:280 - User favorites MCUs=[]
2021-08-27 15:40:49,898 [ERROR] LogOutputStream:74 - [STDERR_REDIRECT] Exception in thread "AWT-EventQueue-0" org.eclipse.swt.SWTException: Device is disposed
2021-08-27 15:40:49,899 [ERROR] LogOutputStream:74 - [STDERR_REDIRECT] 	at org.eclipse.swt.SWT.error(SWT.java:4889)
2021-08-27 15:40:49,899 [ERROR] LogOutputStream:74 - [STDERR_REDIRECT] 	at org.eclipse.swt.SWT.error(SWT.java:4804)
2021-08-27 15:40:49,900 [ERROR] LogOutputStream:74 - [STDERR_REDIRECT] 	at org.eclipse.swt.SWT.error(SWT.java:4775)
2021-08-27 15:40:49,901 [ERROR] LogOutputStream:74 - [STDERR_REDIRECT] 	at org.eclipse.swt.widgets.Display.error(Display.java:1262)
2021-08-27 15:40:49,902 [ERROR] LogOutputStream:74 - [STDERR_REDIRECT] 	at org.eclipse.swt.widgets.Display.asyncExec(Display.java:779)
2021-08-27 15:40:49,904 [ERROR] LogOutputStream:74 - [STDERR_REDIRECT] 	at com.st.stm32cube.common.mx.oss.core.awtswtbridge.AwtEnvironment$2.run(AwtEnvironment.java:168)
2021-08-27 15:40:49,905 [ERROR] LogOutputStream:74 - [STDERR_REDIRECT] 	at java.desktop/java.awt.event.InvocationEvent.dispatch(InvocationEvent.java:313)
2021-08-27 15:40:49,907 [ERROR] LogOutputStream:74 - [STDERR_REDIRECT] 	at java.desktop/java.awt.EventQueue.dispatchEventImpl(EventQueue.java:770)
2021-08-27 15:40:49,908 [ERROR] LogOutputStream:74 - [STDERR_REDIRECT] 	at java.desktop/java.awt.EventQueue$4.run(EventQueue.java:721)
2021-08-27 15:40:49,909 [ERROR] LogOutputStream:74 - [STDERR_REDIRECT] 	at java.desktop/java.awt.EventQueue$4.run(EventQueue.java:715)
2021-08-27 15:40:49,910 [ERROR] LogOutputStream:74 - [STDERR_REDIRECT] 	at java.base/java.security.AccessController.doPrivileged(Native Method)
2021-08-27 15:40:49,911 [ERROR] LogOutputStream:74 - [STDERR_REDIRECT] 	at java.base/java.security.ProtectionDomain$JavaSecurityAccessImpl.doIntersectionPrivilege(ProtectionDomain.java:85)
2021-08-27 15:40:49,912 [ERROR] LogOutputStream:74 - [STDERR_REDIRECT] 	at java.desktop/java.awt.EventQueue.dispatchEvent(EventQueue.java:740)
2021-08-27 15:40:49,916 [ERROR] LogOutputStream:74 - [STDERR_REDIRECT] 	at java.desktop/java.awt.EventDispatchThread.pumpOneEventForFilters(EventDispatchThread.java:203)
2021-08-27 15:40:49,917 [ERROR] LogOutputStream:74 - [STDERR_REDIRECT] 	at java.desktop/java.awt.EventDispatchThread.pumpEventsForFilter(EventDispatchThread.java:124)
2021-08-27 15:40:49,919 [ERROR] LogOutputStream:74 - [STDERR_REDIRECT] 	at java.desktop/java.awt.EventDispatchThread.pumpEventsForHierarchy(EventDispatchThread.java:113)
2021-08-27 15:40:49,920 [ERROR] LogOutputStream:74 - [STDERR_REDIRECT] 	at java.desktop/java.awt.EventDispatchThread.pumpEvents(EventDispatchThread.java:109)
2021-08-27 15:40:49,922 [ERROR] LogOutputStream:74 - [STDERR_REDIRECT] 	at java.desktop/java.awt.EventDispatchThread.pumpEvents(EventDispatchThread.java:101)
2021-08-27 15:40:49,923 [ERROR] LogOutputStream:74 - [STDERR_REDIRECT] 	at java.desktop/java.awt.EventDispatchThread.run(EventDispatchThread.java:90)
2021-09-13 09:41:17,129 [INFO] Activator:177 - 


2021-09-13 09:41:17,145 [INFO] Activator:178 - !SESSION log4j initialized
2021-09-16 10:28:41,425 [INFO] Activator:177 - 


2021-09-16 10:28:41,448 [INFO] Activator:178 - !SESSION log4j initialized
2021-09-20 09:15:18,573 [INFO] Activator:177 - 


2021-09-20 09:15:18,596 [INFO] Activator:178 - !SESSION log4j initialized
